Build started 2015/07/04 15:27:44.
     1>Project "C:\Users\Keitaro\Desktop\PSP\PrintScreenPlz\ScreenshotPlz\ScreenshotPlz.vcxproj" on node 2 (build target(s)).
     1>InitializeBuildStatus:
         Creating "Debug\PrintScreenPlz.unsuccessfulbuild" because "AlwaysCreate" was specified.
       GenerateTargetFrameworkMonikerAttribute:
       Skipping target "GenerateTargetFrameworkMonikerAttribute" because all output files are up-to-date with respect to the input files.
       ClCompile:
         c:\Program Files (x86)\Microsoft Visual Studio 10.0\VC\bin\CL.exe /c /AI"C:\Program Files (x86)\Reference Assemblies\Microsoft\Framework\.NETFramework\v4.0" /Zi /clr /nologo /W3 /WX- /Od /Oy- /D WIN32 /D _DEBUG /D _UNICODE /D UNICODE /D _AFXDLL /EHa /MDd /GS /fp:precise /Zc:wchar_t /Zc:forScope /Fo"Debug\\" /Fd"Debug\vc100.pdb" /TP /FU"C:\Program Files (x86)\Reference Assemblies\Microsoft\Framework\.NETFramework\v4.0\System.Core.dll" /FU"C:\Program Files (x86)\Reference Assemblies\Microsoft\Framework\.NETFramework\v4.0\System.Data.dll" /FU"C:\Program Files (x86)\Reference Assemblies\Microsoft\Framework\.NETFramework\v4.0\System.DirectoryServices.dll" /FU"C:\Program Files (x86)\Reference Assemblies\Microsoft\Framework\.NETFramework\v4.0\System.dll" /FU"C:\Program Files (x86)\Reference Assemblies\Microsoft\Framework\.NETFramework\v4.0\System.Drawing.dll" /FU"C:\Program Files (x86)\Reference Assemblies\Microsoft\Framework\.NETFramework\v4.0\System.Windows.Forms.dll" /FU"C:\Program Files (x86)\Reference Assemblies\Microsoft\Framework\.NETFramework\v4.0\System.Xml.dll" /showIncludes /analyze- /errorReport:prompt PSPForm.cpp /clr:nostdlib 
         PSPForm.cpp
         Note: including file: c:\program files (x86)\reference assemblies\microsoft\framework\.netframework\v4.0\mscorlib.dll
         Note: including file: c:\program files (x86)\reference assemblies\microsoft\framework\.netframework\v4.0\system.core.dll
         Note: including file: c:\program files (x86)\reference assemblies\microsoft\framework\.netframework\v4.0\system.data.dll
         Note: including file: c:\program files (x86)\reference assemblies\microsoft\framework\.netframework\v4.0\system.directoryservices.dll
         Note: including file: c:\program files (x86)\reference assemblies\microsoft\framework\.netframework\v4.0\system.dll
         Note: including file: c:\program files (x86)\reference assemblies\microsoft\framework\.netframework\v4.0\system.drawing.dll
         Note: including file: c:\program files (x86)\reference assemblies\microsoft\framework\.netframework\v4.0\system.windows.forms.dll
         Note: including file: c:\program files (x86)\reference assemblies\microsoft\framework\.netframework\v4.0\system.xml.dll
         Note: including file: c:\users\keitaro\desktop\psp\printscreenplz\screenshotplz\PSPForm.h
         Note: including file:  c:\Program Files (x86)\Microsoft Visual Studio 10.0\VC\atlmfc\include\afxwin.h
         Note: including file:   c:\Program Files (x86)\Microsoft Visual Studio 10.0\VC\atlmfc\include\afx.h
         Note: including file:    c:\Program Files (x86)\Microsoft Visual Studio 10.0\VC\include\new.h
         Note: including file:     c:\Program Files (x86)\Microsoft Visual Studio 10.0\VC\include\crtdefs.h
         Note: including file:      c:\Program Files (x86)\Microsoft Visual Studio 10.0\VC\include\sal.h
         Note: including file:       c:\program files (x86)\microsoft visual studio 10.0\vc\include\codeanalysis\sourceannotations.h
         Note: including file:      c:\Program Files (x86)\Microsoft Visual Studio 10.0\VC\include\vadefs.h
         Note: including file:    c:\Program Files (x86)\Microsoft Visual Studio 10.0\VC\atlmfc\include\afxver_.h
         Note: including file:     c:\Program Files (x86)\Microsoft Visual Studio 10.0\VC\atlmfc\include\afxv_w32.h
         Note: including file:      C:\Program Files (x86)\Microsoft SDKs\Windows\v7.0A\include\winsdkver.h
         _WIN32_WINNT not defined. Defaulting to _WIN32_WINNT_MAXVER (see WinSDKVer.h)
         Note: including file:      C:\Program Files (x86)\Microsoft SDKs\Windows\v7.0A\include\sdkddkver.h
         Note: including file:      C:\Program Files (x86)\Microsoft SDKs\Windows\v7.0A\include\windows.h
         Note: including file:       c:\Program Files (x86)\Microsoft Visual Studio 10.0\VC\include\excpt.h
         Note: including file:        c:\Program Files (x86)\Microsoft Visual Studio 10.0\VC\include\crtdefs.h
         Note: including file:       c:\Program Files (x86)\Microsoft Visual Studio 10.0\VC\include\stdarg.h
         Note: including file:       C:\Program Files (x86)\Microsoft SDKs\Windows\v7.0A\include\windef.h
         Note: including file:        C:\Program Files (x86)\Microsoft SDKs\Windows\v7.0A\include\winnt.h
         Note: including file:         c:\Program Files (x86)\Microsoft Visual Studio 10.0\VC\include\ctype.h
         Note: including file:          c:\Program Files (x86)\Microsoft Visual Studio 10.0\VC\include\crtdefs.h
         Note: including file:         C:\Program Files (x86)\Microsoft SDKs\Windows\v7.0A\include\specstrings.h
         Note: including file:          c:\program files (x86)\microsoft sdks\windows\v7.0a\include\sal_supp.h
         Note: including file:          c:\program files (x86)\microsoft sdks\windows\v7.0a\include\specstrings_supp.h
         Note: including file:          C:\Program Files (x86)\Microsoft SDKs\Windows\v7.0A\include\specstrings_strict.h
         Note: including file:           C:\Program Files (x86)\Microsoft SDKs\Windows\v7.0A\include\specstrings_undef.h
         Note: including file:          C:\Program Files (x86)\Microsoft SDKs\Windows\v7.0A\include\driverspecs.h
         Note: including file:           c:\program files (x86)\microsoft sdks\windows\v7.0a\include\sdv_driverspecs.h
         Note: including file:         C:\Program Files (x86)\Microsoft SDKs\Windows\v7.0A\include\kernelspecs.h
         Note: including file:         C:\Program Files (x86)\Microsoft SDKs\Windows\v7.0A\include\basetsd.h
         Note: including file:         C:\Program Files (x86)\Microsoft SDKs\Windows\v7.0A\include\guiddef.h
         Note: including file:          c:\Program Files (x86)\Microsoft Visual Studio 10.0\VC\include\string.h
         Note: including file:           c:\Program Files (x86)\Microsoft Visual Studio 10.0\VC\include\crtdefs.h
         Note: including file:         c:\program files (x86)\microsoft sdks\windows\v7.0a\include\pshpack4.h
         Note: including file:         c:\program files (x86)\microsoft sdks\windows\v7.0a\include\poppack.h
         Note: including file:         c:\program files (x86)\microsoft sdks\windows\v7.0a\include\pshpack4.h
         Note: including file:         c:\program files (x86)\microsoft sdks\windows\v7.0a\include\poppack.h
         Note: including file:         C:\Program Files (x86)\Microsoft SDKs\Windows\v7.0A\include\pshpack4.h
         Note: including file:         C:\Program Files (x86)\Microsoft SDKs\Windows\v7.0A\include\poppack.h
         Note: including file:         c:\program files (x86)\microsoft sdks\windows\v7.0a\include\pshpack4.h
         Note: including file:         c:\program files (x86)\microsoft sdks\windows\v7.0a\include\pshpack2.h
         Note: including file:         c:\program files (x86)\microsoft sdks\windows\v7.0a\include\poppack.h
         Note: including file:         c:\program files (x86)\microsoft sdks\windows\v7.0a\include\pshpack2.h
         Note: including file:         C:\Program Files (x86)\Microsoft SDKs\Windows\v7.0A\include\pshpack2.h
         Note: including file:         C:\Program Files (x86)\Microsoft SDKs\Windows\v7.0A\include\poppack.h
         Note: including file:         c:\program files (x86)\microsoft sdks\windows\v7.0a\include\poppack.h
         Note: including file:         c:\program files (x86)\microsoft sdks\windows\v7.0a\include\pshpack8.h
         Note: including file:         c:\program files (x86)\microsoft sdks\windows\v7.0a\include\poppack.h
         Note: including file:         c:\program files (x86)\microsoft sdks\windows\v7.0a\include\poppack.h
         Note: including file:         C:\Program Files (x86)\Microsoft SDKs\Windows\v7.0A\include\ktmtypes.h
         Note: including file:       C:\Program Files (x86)\Microsoft SDKs\Windows\v7.0A\include\winbase.h
         Note: including file:        C:\Program Files (x86)\Microsoft SDKs\Windows\v7.0A\include\winerror.h
         Note: including file:       C:\Program Files (x86)\Microsoft SDKs\Windows\v7.0A\include\wingdi.h
         Note: including file:        C:\Program Files (x86)\Microsoft SDKs\Windows\v7.0A\include\pshpack1.h
         Note: including file:        C:\Program Files (x86)\Microsoft SDKs\Windows\v7.0A\include\poppack.h
         Note: including file:        C:\Program Files (x86)\Microsoft SDKs\Windows\v7.0A\include\pshpack2.h
         Note: including file:        C:\Program Files (x86)\Microsoft SDKs\Windows\v7.0A\include\poppack.h
         Note: including file:        C:\Program Files (x86)\Microsoft SDKs\Windows\v7.0A\include\pshpack2.h
         Note: including file:        C:\Program Files (x86)\Microsoft SDKs\Windows\v7.0A\include\poppack.h
         Note: including file:        C:\Program Files (x86)\Microsoft SDKs\Windows\v7.0A\include\pshpack4.h
         Note: including file:        C:\Program Files (x86)\Microsoft SDKs\Windows\v7.0A\include\poppack.h
         Note: including file:        C:\Program Files (x86)\Microsoft SDKs\Windows\v7.0A\include\pshpack4.h
         Note: including file:        C:\Program Files (x86)\Microsoft SDKs\Windows\v7.0A\include\poppack.h
         Note: including file:       C:\Program Files (x86)\Microsoft SDKs\Windows\v7.0A\include\winuser.h
         Note: including file:        C:\Program Files (x86)\Microsoft SDKs\Windows\v7.0A\include\pshpack2.h
         Note: including file:        C:\Program Files (x86)\Microsoft SDKs\Windows\v7.0A\include\poppack.h
         Note: including file:        C:\Program Files (x86)\Microsoft SDKs\Windows\v7.0A\include\tvout.h
         Note: including file:       C:\Program Files (x86)\Microsoft SDKs\Windows\v7.0A\include\winnls.h
         Note: including file:       C:\Program Files (x86)\Microsoft SDKs\Windows\v7.0A\include\wincon.h
         Note: including file:       C:\Program Files (x86)\Microsoft SDKs\Windows\v7.0A\include\winver.h
         Note: including file:        C:\Program Files (x86)\Microsoft SDKs\Windows\v7.0A\include\verrsrc.h
         Note: including file:       C:\Program Files (x86)\Microsoft SDKs\Windows\v7.0A\include\winreg.h
         Note: including file:        C:\Program Files (x86)\Microsoft SDKs\Windows\v7.0A\include\reason.h
         Note: including file:       C:\Program Files (x86)\Microsoft SDKs\Windows\v7.0A\include\winnetwk.h
         Note: including file:        C:\Program Files (x86)\Microsoft SDKs\Windows\v7.0A\include\wnnc.h
         Note: including file:       C:\Program Files (x86)\Microsoft SDKs\Windows\v7.0A\include\stralign.h
         Note: including file:       C:\Program Files (x86)\Microsoft SDKs\Windows\v7.0A\include\winsvc.h
         Note: including file:       C:\Program Files (x86)\Microsoft SDKs\Windows\v7.0A\include\mcx.h
         Note: including file:       C:\Program Files (x86)\Microsoft SDKs\Windows\v7.0A\include\imm.h
         Note: including file:        C:\Program Files (x86)\Microsoft SDKs\Windows\v7.0A\include\ime_cmodes.h
         Note: including file:      C:\Program Files (x86)\Microsoft SDKs\Windows\v7.0A\include\zmouse.h
         Note: including file:      C:\Program Files (x86)\Microsoft SDKs\Windows\v7.0A\include\commctrl.h
         Note: including file:       C:\Program Files (x86)\Microsoft SDKs\Windows\v7.0A\include\prsht.h
         Note: including file:        C:\Program Files (x86)\Microsoft SDKs\Windows\v7.0A\include\pshpack4.h
         Note: including file:        C:\Program Files (x86)\Microsoft SDKs\Windows\v7.0A\include\poppack.h
         Note: including file:       C:\Program Files (x86)\Microsoft SDKs\Windows\v7.0A\include\pshpack1.h
         Note: including file:       C:\Program Files (x86)\Microsoft SDKs\Windows\v7.0A\include\poppack.h
         Note: including file:       C:\Program Files (x86)\Microsoft SDKs\Windows\v7.0A\include\pshpack1.h
         Note: including file:       C:\Program Files (x86)\Microsoft SDKs\Windows\v7.0A\include\poppack.h
         Note: including file:       C:\Program Files (x86)\Microsoft SDKs\Windows\v7.0A\include\pshpack1.h
         Note: including file:       C:\Program Files (x86)\Microsoft SDKs\Windows\v7.0A\include\poppack.h
         Note: including file:       C:\Program Files (x86)\Microsoft SDKs\Windows\v7.0A\include\pshpack1.h
         Note: including file:       C:\Program Files (x86)\Microsoft SDKs\Windows\v7.0A\include\poppack.h
         Note: including file:       C:\Program Files (x86)\Microsoft SDKs\Windows\v7.0A\include\pshpack1.h
         Note: including file:       C:\Program Files (x86)\Microsoft SDKs\Windows\v7.0A\include\poppack.h
         Note: including file:      c:\Program Files (x86)\Microsoft Visual Studio 10.0\VC\include\tchar.h
         Note: including file:       c:\Program Files (x86)\Microsoft Visual Studio 10.0\VC\include\crtdefs.h
         Note: including file:       c:\Program Files (x86)\Microsoft Visual Studio 10.0\VC\include\wchar.h
         Note: including file:        c:\Program Files (x86)\Microsoft Visual Studio 10.0\VC\include\crtdefs.h
         Note: including file:        c:\Program Files (x86)\Microsoft Visual Studio 10.0\VC\include\swprintf.inl
         Note: including file:        c:\Program Files (x86)\Microsoft Visual Studio 10.0\VC\include\wtime.inl
         Note: including file:     c:\Program Files (x86)\Microsoft Visual Studio 10.0\VC\atlmfc\include\afxv_dll.h
         Note: including file:    c:\Program Files (x86)\Microsoft Visual Studio 10.0\VC\include\stdio.h
         Note: including file:     c:\Program Files (x86)\Microsoft Visual Studio 10.0\VC\include\crtdefs.h
         Note: including file:    c:\Program Files (x86)\Microsoft Visual Studio 10.0\VC\include\stdlib.h
         Note: including file:     c:\Program Files (x86)\Microsoft Visual Studio 10.0\VC\include\crtdefs.h
         Note: including file:     c:\Program Files (x86)\Microsoft Visual Studio 10.0\VC\include\limits.h
         Note: including file:      c:\Program Files (x86)\Microsoft Visual Studio 10.0\VC\include\crtdefs.h
         Note: including file:    c:\Program Files (x86)\Microsoft Visual Studio 10.0\VC\include\time.h
         Note: including file:     c:\Program Files (x86)\Microsoft Visual Studio 10.0\VC\include\crtdefs.h
         Note: including file:     c:\Program Files (x86)\Microsoft Visual Studio 10.0\VC\include\time.inl
         Note: including file:    c:\Program Files (x86)\Microsoft Visual Studio 10.0\VC\include\stddef.h
         Note: including file:     c:\Program Files (x86)\Microsoft Visual Studio 10.0\VC\include\crtdefs.h
         Note: including file:    c:\Program Files (x86)\Microsoft Visual Studio 10.0\VC\include\errno.h
         Note: including file:     c:\Program Files (x86)\Microsoft Visual Studio 10.0\VC\include\crtdefs.h
         Note: including file:    c:\Program Files (x86)\Microsoft Visual Studio 10.0\VC\include\malloc.h
         Note: including file:     c:\Program Files (x86)\Microsoft Visual Studio 10.0\VC\include\crtdefs.h
         Note: including file:    c:\Program Files (x86)\Microsoft Visual Studio 10.0\VC\include\crtdbg.h
         Note: including file:     c:\Program Files (x86)\Microsoft Visual Studio 10.0\VC\include\crtdefs.h
         Note: including file:    c:\Program Files (x86)\Microsoft Visual Studio 10.0\VC\atlmfc\include\atltrace.h
         Note: including file:     c:\Program Files (x86)\Microsoft Visual Studio 10.0\VC\atlmfc\include\atldef.h
         Note: including file:      c:\Program Files (x86)\Microsoft Visual Studio 10.0\VC\atlmfc\include\atlrc.h
         Note: including file:     c:\Program Files (x86)\Microsoft Visual Studio 10.0\VC\atlmfc\include\atlconv.h
         Note: including file:      c:\Program Files (x86)\Microsoft Visual Studio 10.0\VC\atlmfc\include\atlalloc.h
         Note: including file:       C:\Program Files (x86)\Microsoft SDKs\Windows\v7.0A\include\ole2.h
         Note: including file:        C:\Program Files (x86)\Microsoft SDKs\Windows\v7.0A\include\pshpack8.h
         Note: including file:        C:\Program Files (x86)\Microsoft SDKs\Windows\v7.0A\include\objbase.h
         Note: including file:         C:\Program Files (x86)\Microsoft SDKs\Windows\v7.0A\include\rpc.h
         Note: including file:          C:\Program Files (x86)\Microsoft SDKs\Windows\v7.0A\include\rpcdce.h
         Note: including file:           C:\Program Files (x86)\Microsoft SDKs\Windows\v7.0A\include\rpcdcep.h
         Note: including file:          C:\Program Files (x86)\Microsoft SDKs\Windows\v7.0A\include\rpcnsi.h
         Note: including file:          C:\Program Files (x86)\Microsoft SDKs\Windows\v7.0A\include\rpcnterr.h
         Note: including file:          C:\Program Files (x86)\Microsoft SDKs\Windows\v7.0A\include\rpcasync.h
         Note: including file:         C:\Program Files (x86)\Microsoft SDKs\Windows\v7.0A\include\rpcndr.h
         Note: including file:          C:\Program Files (x86)\Microsoft SDKs\Windows\v7.0A\include\pshpack8.h
         Note: including file:          C:\Program Files (x86)\Microsoft SDKs\Windows\v7.0A\include\rpcnsip.h
         Note: including file:          C:\Program Files (x86)\Microsoft SDKs\Windows\v7.0A\include\rpcsal.h
         Note: including file:          C:\Program Files (x86)\Microsoft SDKs\Windows\v7.0A\include\poppack.h
         Note: including file:         C:\Program Files (x86)\Microsoft SDKs\Windows\v7.0A\include\pshpack8.h
         Note: including file:         C:\Program Files (x86)\Microsoft SDKs\Windows\v7.0A\include\wtypes.h
         Note: including file:          c:\program files (x86)\microsoft sdks\windows\v7.0a\include\guiddef.h
         Note: including file:         C:\Program Files (x86)\Microsoft SDKs\Windows\v7.0A\include\unknwn.h
         Note: including file:         C:\Program Files (x86)\Microsoft SDKs\Windows\v7.0A\include\objidl.h
         Note: including file:         C:\Program Files (x86)\Microsoft SDKs\Windows\v7.0A\include\guiddef.h
         Note: including file:         C:\Program Files (x86)\Microsoft SDKs\Windows\v7.0A\include\cguid.h
         Note: including file:         C:\Program Files (x86)\Microsoft SDKs\Windows\v7.0A\include\urlmon.h
         Note: including file:          c:\program files (x86)\microsoft sdks\windows\v7.0a\include\oleidl.h
         Note: including file:          c:\program files (x86)\microsoft sdks\windows\v7.0a\include\servprov.h
         Note: including file:          c:\program files (x86)\microsoft sdks\windows\v7.0a\include\msxml.h
         Note: including file:           c:\program files (x86)\microsoft sdks\windows\v7.0a\include\oaidl.h
         Note: including file:         C:\Program Files (x86)\Microsoft SDKs\Windows\v7.0A\include\propidl.h
         Note: including file:         C:\Program Files (x86)\Microsoft SDKs\Windows\v7.0A\include\poppack.h
         Note: including file:        C:\Program Files (x86)\Microsoft SDKs\Windows\v7.0A\include\oleauto.h
         Note: including file:         C:\Program Files (x86)\Microsoft SDKs\Windows\v7.0A\include\pshpack8.h
         Note: including file:         C:\Program Files (x86)\Microsoft SDKs\Windows\v7.0A\include\poppack.h
         Note: including file:        C:\Program Files (x86)\Microsoft SDKs\Windows\v7.0A\include\poppack.h
         Note: including file:     c:\Program Files (x86)\Microsoft Visual Studio 10.0\VC\atlmfc\include\atldebugapi.h
         Note: including file:    c:\Program Files (x86)\Microsoft Visual Studio 10.0\VC\atlmfc\include\afxstr.h
         Note: including file:     c:\Program Files (x86)\Microsoft Visual Studio 10.0\VC\include\mbstring.h
         Note: including file:      c:\Program Files (x86)\Microsoft Visual Studio 10.0\VC\include\crtdefs.h
         Note: including file:     c:\Program Files (x86)\Microsoft Visual Studio 10.0\VC\atlmfc\include\atlcore.h
         Note: including file:      c:\Program Files (x86)\Microsoft Visual Studio 10.0\VC\atlmfc\include\atlchecked.h
         Note: including file:       c:\Program Files (x86)\Microsoft Visual Studio 10.0\VC\atlmfc\include\atlexcept.h
         Note: including file:      c:\Program Files (x86)\Microsoft Visual Studio 10.0\VC\atlmfc\include\atlsimpcoll.h
         Note: including file:     c:\Program Files (x86)\Microsoft Visual Studio 10.0\VC\atlmfc\include\cstringt.h
         Note: including file:      c:\Program Files (x86)\Microsoft Visual Studio 10.0\VC\include\vcclr.h
         Note: including file:       c:\Program Files (x86)\Microsoft Visual Studio 10.0\VC\include\gcroot.h
         Note: including file:        c:\Program Files (x86)\Microsoft Visual Studio 10.0\VC\include\msclr\gcroot.h
         Note: including file:      c:\Program Files (x86)\Microsoft Visual Studio 10.0\VC\atlmfc\include\atlsimpstr.h
         Note: including file:       c:\Program Files (x86)\Microsoft Visual Studio 10.0\VC\atlmfc\include\atlmem.h
         Note: including file:        c:\Program Files (x86)\Microsoft Visual Studio 10.0\VC\atlmfc\include\atlcommem.h
         Note: including file:         c:\Program Files (x86)\Microsoft Visual Studio 10.0\VC\atlmfc\include\atlcomcli.h
         Note: including file:          C:\Program Files (x86)\Microsoft SDKs\Windows\v7.0A\include\olectl.h
         Note: including file:           C:\Program Files (x86)\Microsoft SDKs\Windows\v7.0A\include\pshpack8.h
         Note: including file:           C:\Program Files (x86)\Microsoft SDKs\Windows\v7.0A\include\ocidl.h
         Note: including file:           C:\Program Files (x86)\Microsoft SDKs\Windows\v7.0A\include\poppack.h
         Note: including file:      c:\Program Files (x86)\Microsoft Visual Studio 10.0\VC\atlmfc\include\cstringt.inl
         Note: including file:    c:\Program Files (x86)\Microsoft Visual Studio 10.0\VC\atlmfc\include\atltransactionmanager.h
         Note: including file:     C:\Program Files (x86)\Microsoft SDKs\Windows\v7.0A\include\ktmw32.h
         Note: including file:    c:\Program Files (x86)\Microsoft Visual Studio 10.0\VC\atlmfc\include\atltime.h
         Note: including file:     C:\Program Files (x86)\Microsoft SDKs\Windows\v7.0A\include\oledb.h
         Note: including file:      c:\program files (x86)\microsoft sdks\windows\v7.0a\include\transact.h
         Note: including file:      C:\Program Files (x86)\Microsoft SDKs\Windows\v7.0A\include\pshpack2.h
         Note: including file:      C:\Program Files (x86)\Microsoft SDKs\Windows\v7.0A\include\accctrl.h
         Note: including file:      C:\Program Files (x86)\Microsoft SDKs\Windows\v7.0A\include\poppack.h
         Note: including file:    c:\Program Files (x86)\Microsoft Visual Studio 10.0\VC\atlmfc\include\afxcoll.h
         Note: including file:     c:\Program Files (x86)\Microsoft Visual Studio 10.0\VC\atlmfc\include\afxstat_.h
         Note: including file:      c:\Program Files (x86)\Microsoft Visual Studio 10.0\VC\atlmfc\include\atltypes.h
         Note: including file:      c:\Program Files (x86)\Microsoft Visual Studio 10.0\VC\atlmfc\include\afxtls_.h
         Note: including file:    c:\Program Files (x86)\Microsoft Visual Studio 10.0\VC\atlmfc\include\afx.inl
         Note: including file:   C:\Program Files (x86)\Microsoft SDKs\Windows\v7.0A\include\shellapi.h
         Note: including file:    C:\Program Files (x86)\Microsoft SDKs\Windows\v7.0A\include\pshpack1.h
         Note: including file:    C:\Program Files (x86)\Microsoft SDKs\Windows\v7.0A\include\poppack.h
         Note: including file:   c:\Program Files (x86)\Microsoft Visual Studio 10.0\VC\atlmfc\include\afxres.h
         Note: including file:   C:\Program Files (x86)\Microsoft SDKs\Windows\v7.0A\include\commdlg.h
         Note: including file:    C:\Program Files (x86)\Microsoft SDKs\Windows\v7.0A\include\prsht.h
         Note: including file:    C:\Program Files (x86)\Microsoft SDKs\Windows\v7.0A\include\pshpack1.h
         Note: including file:    C:\Program Files (x86)\Microsoft SDKs\Windows\v7.0A\include\poppack.h
         Note: including file:   c:\Program Files (x86)\Microsoft Visual Studio 10.0\VC\atlmfc\include\afxctrlcontainer.h
         Note: including file:   C:\Program Files (x86)\Microsoft SDKs\Windows\v7.0A\include\shobjidl.h
         Note: including file:    c:\program files (x86)\microsoft sdks\windows\v7.0a\include\docobj.h
         Note: including file:    c:\program files (x86)\microsoft sdks\windows\v7.0a\include\shtypes.h
         Note: including file:     C:\Program Files (x86)\Microsoft SDKs\Windows\v7.0A\include\pshpack1.h
         Note: including file:     C:\Program Files (x86)\Microsoft SDKs\Windows\v7.0A\include\poppack.h
         Note: including file:     C:\Program Files (x86)\Microsoft SDKs\Windows\v7.0A\include\pshpack1.h
         Note: including file:     C:\Program Files (x86)\Microsoft SDKs\Windows\v7.0A\include\poppack.h
         Note: including file:     C:\Program Files (x86)\Microsoft SDKs\Windows\v7.0A\include\pshpack8.h
         Note: including file:     C:\Program Files (x86)\Microsoft SDKs\Windows\v7.0A\include\poppack.h
         Note: including file:     C:\Program Files (x86)\Microsoft SDKs\Windows\v7.0A\include\pshpack1.h
         Note: including file:     C:\Program Files (x86)\Microsoft SDKs\Windows\v7.0A\include\poppack.h
         Note: including file:    c:\program files (x86)\microsoft sdks\windows\v7.0a\include\comcat.h
         Note: including file:    c:\program files (x86)\microsoft sdks\windows\v7.0a\include\prsht.h
         Note: including file:    c:\program files (x86)\microsoft sdks\windows\v7.0a\include\propsys.h
         Note: including file:     c:\program files (x86)\microsoft sdks\windows\v7.0a\include\StructuredQueryCondition.h
         Note: including file:     C:\Program Files (x86)\Microsoft SDKs\Windows\v7.0A\include\propkeydef.h
         Note: including file:    c:\program files (x86)\microsoft sdks\windows\v7.0a\include\ObjectArray.h
         Note: including file:    C:\Program Files (x86)\Microsoft SDKs\Windows\v7.0A\include\sherrors.h
         Note: including file:    C:\Program Files (x86)\Microsoft SDKs\Windows\v7.0A\include\pshpack8.h
         Note: including file:    C:\Program Files (x86)\Microsoft SDKs\Windows\v7.0A\include\poppack.h
         Note: including file:    C:\Program Files (x86)\Microsoft SDKs\Windows\v7.0A\include\pshpack8.h
         Note: including file:    C:\Program Files (x86)\Microsoft SDKs\Windows\v7.0A\include\poppack.h
         Note: including file:    C:\Program Files (x86)\Microsoft SDKs\Windows\v7.0A\include\prsht.h
         Note: including file:    C:\Program Files (x86)\Microsoft SDKs\Windows\v7.0A\include\pshpack8.h
         Note: including file:    C:\Program Files (x86)\Microsoft SDKs\Windows\v7.0A\include\poppack.h
         Note: including file:    C:\Program Files (x86)\Microsoft SDKs\Windows\v7.0A\include\pshpack8.h
         Note: including file:    C:\Program Files (x86)\Microsoft SDKs\Windows\v7.0A\include\poppack.h
         Note: including file:    C:\Program Files (x86)\Microsoft SDKs\Windows\v7.0A\include\pshpack8.h
         Note: including file:    C:\Program Files (x86)\Microsoft SDKs\Windows\v7.0A\include\poppack.h
         Note: including file:    C:\Program Files (x86)\Microsoft SDKs\Windows\v7.0A\include\pshpack8.h
         Note: including file:    C:\Program Files (x86)\Microsoft SDKs\Windows\v7.0A\include\poppack.h
         Note: including file:    C:\Program Files (x86)\Microsoft SDKs\Windows\v7.0A\include\pshpack8.h
         Note: including file:    C:\Program Files (x86)\Microsoft SDKs\Windows\v7.0A\include\poppack.h
         Note: including file:    C:\Program Files (x86)\Microsoft SDKs\Windows\v7.0A\include\pshpack1.h
         Note: including file:    C:\Program Files (x86)\Microsoft SDKs\Windows\v7.0A\include\poppack.h
         Note: including file:    C:\Program Files (x86)\Microsoft SDKs\Windows\v7.0A\include\pshpack8.h
         Note: including file:    C:\Program Files (x86)\Microsoft SDKs\Windows\v7.0A\include\poppack.h
         Note: including file:   C:\Program Files (x86)\Microsoft SDKs\Windows\v7.0A\include\thumbcache.h
         Note: including file:   c:\Program Files (x86)\Microsoft Visual Studio 10.0\VC\atlmfc\include\atlhandler.h
         Note: including file:    C:\Program Files (x86)\Microsoft SDKs\Windows\v7.0A\include\filter.h
         Note: including file:    c:\Program Files (x86)\Microsoft Visual Studio 10.0\VC\atlmfc\include\atlstr.h
         Note: including file:     c:\Program Files (x86)\Microsoft Visual Studio 10.0\VC\atlmfc\include\atlbase.h
         Note: including file:      C:\Program Files (x86)\Microsoft SDKs\Windows\v7.0A\include\winsock2.h
         Note: including file:       C:\Program Files (x86)\Microsoft SDKs\Windows\v7.0A\include\ws2def.h
         Note: including file:        C:\Program Files (x86)\Microsoft SDKs\Windows\v7.0A\include\inaddr.h
         Note: including file:       C:\Program Files (x86)\Microsoft SDKs\Windows\v7.0A\include\qos.h
         Note: including file:      c:\Program Files (x86)\Microsoft Visual Studio 10.0\VC\atlmfc\include\atliface.h
         Note: including file:       C:\Program Files (x86)\Microsoft SDKs\Windows\v7.0A\include\oleacc.h
         Note: including file:      c:\Program Files (x86)\Microsoft Visual Studio 10.0\VC\include\process.h
         Note: including file:       c:\Program Files (x86)\Microsoft Visual Studio 10.0\VC\include\crtdefs.h
         Note: including file:      C:\Program Files (x86)\Microsoft SDKs\Windows\v7.0A\include\shlwapi.h
         Note: including file:       C:\Program Files (x86)\Microsoft SDKs\Windows\v7.0A\include\pshpack8.h
         Note: including file:       C:\Program Files (x86)\Microsoft SDKs\Windows\v7.0A\include\poppack.h
         Note: including file:      c:\Program Files (x86)\Microsoft Visual Studio 10.0\VC\atlmfc\include\statreg.h
         Note: including file:     C:\Program Files (x86)\Microsoft SDKs\Windows\v7.0A\include\winnls.h
         Note: including file:   C:\Program Files (x86)\Microsoft SDKs\Windows\v7.0A\include\tpcshrd.h
         Note: including file:   c:\Program Files (x86)\Microsoft Visual Studio 10.0\VC\atlmfc\include\afxcomctl32.h
         Note: including file:   C:\Program Files (x86)\Microsoft SDKs\Windows\v7.0A\include\vssym32.h
         Note: including file:    c:\program files (x86)\microsoft sdks\windows\v7.0a\include\VSStyle.h
         Note: including file:   C:\Program Files (x86)\Microsoft SDKs\Windows\v7.0A\include\ws2ipdef.h
         Note: including file:    C:\Program Files (x86)\Microsoft SDKs\Windows\v7.0A\include\in6addr.h
         Note: including file:   C:\Program Files (x86)\Microsoft SDKs\Windows\v7.0A\include\windns.h
         Note: including file:   C:\Program Files (x86)\Microsoft SDKs\Windows\v7.0A\include\iphlpapi.h
         Note: including file:    C:\Program Files (x86)\Microsoft SDKs\Windows\v7.0A\include\iprtrmib.h
         Note: including file:     C:\Program Files (x86)\Microsoft SDKs\Windows\v7.0A\include\mprapi.h
         Note: including file:      C:\Program Files (x86)\Microsoft SDKs\Windows\v7.0A\include\lmcons.h
         Note: including file:      C:\Program Files (x86)\Microsoft SDKs\Windows\v7.0A\include\ras.h
         Note: including file:       C:\Program Files (x86)\Microsoft SDKs\Windows\v7.0A\include\pshpack4.h
         Note: including file:       C:\Program Files (x86)\Microsoft SDKs\Windows\v7.0A\include\poppack.h
         Note: including file:      C:\Program Files (x86)\Microsoft SDKs\Windows\v7.0A\include\wincrypt.h
         Note: including file:       C:\Program Files (x86)\Microsoft SDKs\Windows\v7.0A\include\bcrypt.h
         Note: including file:       C:\Program Files (x86)\Microsoft SDKs\Windows\v7.0A\include\ncrypt.h
         Note: including file:        C:\Program Files (x86)\Microsoft SDKs\Windows\v7.0A\include\bcrypt.h
         Note: including file:     C:\Program Files (x86)\Microsoft SDKs\Windows\v7.0A\include\ipifcons.h
         Note: including file:     C:\Program Files (x86)\Microsoft SDKs\Windows\v7.0A\include\ipmib.h
         Note: including file:      C:\Program Files (x86)\Microsoft SDKs\Windows\v7.0A\include\ifmib.h
         Note: including file:       C:\Program Files (x86)\Microsoft SDKs\Windows\v7.0A\include\ifdef.h
         Note: including file:      C:\Program Files (x86)\Microsoft SDKs\Windows\v7.0A\include\nldef.h
         Note: including file:     C:\Program Files (x86)\Microsoft SDKs\Windows\v7.0A\include\tcpmib.h
         Note: including file:     C:\Program Files (x86)\Microsoft SDKs\Windows\v7.0A\include\udpmib.h
         Note: including file:    C:\Program Files (x86)\Microsoft SDKs\Windows\v7.0A\include\ipexport.h
         Note: including file:     C:\Program Files (x86)\Microsoft SDKs\Windows\v7.0A\include\packon.h
         Note: including file:     C:\Program Files (x86)\Microsoft SDKs\Windows\v7.0A\include\packoff.h
         Note: including file:    C:\Program Files (x86)\Microsoft SDKs\Windows\v7.0A\include\iptypes.h
         Note: including file:    C:\Program Files (x86)\Microsoft SDKs\Windows\v7.0A\include\tcpestats.h
         Note: including file:    C:\Program Files (x86)\Microsoft SDKs\Windows\v7.0A\include\netioapi.h
         Note: including file:     C:\Program Files (x86)\Microsoft SDKs\Windows\v7.0A\include\ntddndis.h
         Note: including file:      C:\Program Files (x86)\Microsoft SDKs\Windows\v7.0A\include\devpkey.h
         Note: including file:       C:\Program Files (x86)\Microsoft SDKs\Windows\v7.0A\include\devpropdef.h
         Note: including file:      C:\Program Files (x86)\Microsoft SDKs\Windows\v7.0A\include\pciprop.h
         Note: including file:      C:\Program Files (x86)\Microsoft SDKs\Windows\v7.0A\include\windot11.h
         Note: including file:       C:\Program Files (x86)\Microsoft SDKs\Windows\v7.0A\include\WlanTypes.h
         Note: including file:   C:\Program Files (x86)\Microsoft SDKs\Windows\v7.0A\include\htmlhelp.h
         Note: including file:   C:\Program Files (x86)\Microsoft SDKs\Windows\v7.0A\include\UIAnimation.h
         Note: including file:   c:\program files (x86)\microsoft visual studio 10.0\vc\atlmfc\include\afxanimationcontroller.h
         Note: including file:    c:\program files (x86)\microsoft visual studio 10.0\vc\atlmfc\include\afxanimationhelper.h
         Note: including file:    c:\program files (x86)\microsoft visual studio 10.0\vc\atlmfc\include\afxtempl.h
         Note: including file:     c:\Program Files (x86)\Microsoft Visual Studio 10.0\VC\atlmfc\include\afxplex_.h
         Note: including file:   c:\Program Files (x86)\Microsoft Visual Studio 10.0\VC\atlmfc\include\afxmsg_.h
         Note: including file:   c:\Program Files (x86)\Microsoft Visual Studio 10.0\VC\atlmfc\include\afxdd_.h
         Note: including file:   c:\program files (x86)\microsoft visual studio 10.0\vc\atlmfc\include\afxrendertarget.h
         Note: including file:    C:\Program Files (x86)\Microsoft SDKs\Windows\v7.0A\include\d2d1.h
         Note: including file:     C:\Program Files (x86)\Microsoft SDKs\Windows\v7.0A\include\dcommon.h
         Note: including file:     C:\Program Files (x86)\Microsoft SDKs\Windows\v7.0A\include\D2DErr.h
         Note: including file:     C:\Program Files (x86)\Microsoft SDKs\Windows\v7.0A\include\D2DBaseTypes.h
         Note: including file:     C:\Program Files (x86)\Microsoft SDKs\Windows\v7.0A\include\dxgiformat.h
         Note: including file:     C:\Program Files (x86)\Microsoft SDKs\Windows\v7.0A\include\d3d10_1.h
         Note: including file:      c:\program files (x86)\microsoft sdks\windows\v7.0a\include\d3d10.h
         Note: including file:       c:\program files (x86)\microsoft sdks\windows\v7.0a\include\dxgi.h
         Note: including file:        c:\program files (x86)\microsoft sdks\windows\v7.0a\include\dxgitype.h
         Note: including file:         c:\program files (x86)\microsoft sdks\windows\v7.0a\include\dxgiformat.h
         Note: including file:       c:\program files (x86)\microsoft sdks\windows\v7.0a\include\d3d10sdklayers.h
         Note: including file:       c:\program files (x86)\microsoft sdks\windows\v7.0a\include\d3d10misc.h
         Note: including file:       c:\program files (x86)\microsoft sdks\windows\v7.0a\include\d3d10shader.h
         Note: including file:       c:\program files (x86)\microsoft sdks\windows\v7.0a\include\d3d10effect.h
         Note: including file:      c:\program files (x86)\microsoft sdks\windows\v7.0a\include\d3d10_1shader.h
         Note: including file:       c:\program files (x86)\microsoft sdks\windows\v7.0a\include\d3d10shader.h
         Note: including file:     C:\Program Files (x86)\Microsoft SDKs\Windows\v7.0A\include\d2d1helper.h
         Note: including file:    C:\Program Files (x86)\Microsoft SDKs\Windows\v7.0A\include\dwrite.h
         Note: including file:     C:\Program Files (x86)\Microsoft SDKs\Windows\v7.0A\include\dcommon.h
         Note: including file:   c:\Program Files (x86)\Microsoft Visual Studio 10.0\VC\atlmfc\include\afxdll_.h
         Note: including file:   c:\Program Files (x86)\Microsoft Visual Studio 10.0\VC\atlmfc\include\afxcomctl32.inl
         Note: including file:   c:\Program Files (x86)\Microsoft Visual Studio 10.0\VC\atlmfc\include\afxwin4.inl
         Note: including file:   c:\Program Files (x86)\Microsoft Visual Studio 10.0\VC\atlmfc\include\afxole.h
         Note: including file:    c:\Program Files (x86)\Microsoft Visual Studio 10.0\VC\atlmfc\include\afxext.h
         Note: including file:     c:\Program Files (x86)\Microsoft Visual Studio 10.0\VC\atlmfc\include\afxdlgs.h
         Note: including file:      C:\Program Files (x86)\Microsoft SDKs\Windows\v7.0A\include\richedit.h
         Note: including file:       C:\Program Files (x86)\Microsoft SDKs\Windows\v7.0A\include\pshpack4.h
         Note: including file:       C:\Program Files (x86)\Microsoft SDKs\Windows\v7.0A\include\poppack.h
         Note: including file:     C:\Program Files (x86)\Microsoft SDKs\Windows\v7.0A\include\uxtheme.h
         Note: including file:    c:\Program Files (x86)\Microsoft Visual Studio 10.0\VC\atlmfc\include\afxdisp.h
         Note: including file:     C:\Program Files (x86)\Microsoft SDKs\Windows\v7.0A\include\shlobj.h
         Note: including file:      C:\Program Files (x86)\Microsoft SDKs\Windows\v7.0A\include\shlguid.h
         Note: including file:       C:\Program Files (x86)\Microsoft SDKs\Windows\v7.0A\include\isguids.h
         Note: including file:       C:\Program Files (x86)\Microsoft SDKs\Windows\v7.0A\include\exdisp.h
         Note: including file:       C:\Program Files (x86)\Microsoft SDKs\Windows\v7.0A\include\shldisp.h
         Note: including file:       C:\Program Files (x86)\Microsoft SDKs\Windows\v7.0A\include\knownfolders.h
         Note: including file:      C:\Program Files (x86)\Microsoft SDKs\Windows\v7.0A\include\pshpack1.h
         Note: including file:      C:\Program Files (x86)\Microsoft SDKs\Windows\v7.0A\include\pshpack8.h
         Note: including file:      C:\Program Files (x86)\Microsoft SDKs\Windows\v7.0A\include\poppack.h
         Note: including file:      C:\Program Files (x86)\Microsoft SDKs\Windows\v7.0A\include\pshpack8.h
         Note: including file:      C:\Program Files (x86)\Microsoft SDKs\Windows\v7.0A\include\poppack.h
         Note: including file:      C:\Program Files (x86)\Microsoft SDKs\Windows\v7.0A\include\pshpack8.h
         Note: including file:      C:\Program Files (x86)\Microsoft SDKs\Windows\v7.0A\include\poppack.h
         Note: including file:      C:\Program Files (x86)\Microsoft SDKs\Windows\v7.0A\include\pshpack1.h
         Note: including file:      C:\Program Files (x86)\Microsoft SDKs\Windows\v7.0A\include\poppack.h
         Note: including file:      C:\Program Files (x86)\Microsoft SDKs\Windows\v7.0A\include\pshpack8.h
         Note: including file:      C:\Program Files (x86)\Microsoft SDKs\Windows\v7.0A\include\poppack.h
         Note: including file:      C:\Program Files (x86)\Microsoft SDKs\Windows\v7.0A\include\pshpack8.h
         Note: including file:      C:\Program Files (x86)\Microsoft SDKs\Windows\v7.0A\include\poppack.h
         Note: including file:      C:\Program Files (x86)\Microsoft SDKs\Windows\v7.0A\include\pshpack8.h
         Note: including file:      C:\Program Files (x86)\Microsoft SDKs\Windows\v7.0A\include\poppack.h
         Note: including file:      C:\Program Files (x86)\Microsoft SDKs\Windows\v7.0A\include\pshpack8.h
         Note: including file:      C:\Program Files (x86)\Microsoft SDKs\Windows\v7.0A\include\poppack.h
         Note: including file:      C:\Program Files (x86)\Microsoft SDKs\Windows\v7.0A\include\pshpack8.h
         Note: including file:      C:\Program Files (x86)\Microsoft SDKs\Windows\v7.0A\include\poppack.h
         Note: including file:      C:\Program Files (x86)\Microsoft SDKs\Windows\v7.0A\include\pshpack8.h
         Note: including file:      C:\Program Files (x86)\Microsoft SDKs\Windows\v7.0A\include\poppack.h
         Note: including file:      C:\Program Files (x86)\Microsoft SDKs\Windows\v7.0A\include\pshpack8.h
         Note: including file:      C:\Program Files (x86)\Microsoft SDKs\Windows\v7.0A\include\poppack.h
         Note: including file:      C:\Program Files (x86)\Microsoft SDKs\Windows\v7.0A\include\poppack.h
         Note: including file:     c:\Program Files (x86)\Microsoft Visual Studio 10.0\VC\atlmfc\include\atlcomtime.h
         Note: including file:     c:\Program Files (x86)\Microsoft Visual Studio 10.0\VC\atlmfc\include\afxocc.h
         Note: including file:      c:\Program Files (x86)\Microsoft Visual Studio 10.0\VC\atlmfc\include\afxtempl.h
         Note: including file:      c:\program files (x86)\microsoft visual studio 10.0\vc\atlmfc\include\olebind.h
         Note: including file:      c:\program files (x86)\microsoft visual studio 10.0\vc\atlmfc\include\ocdbid.h
         Note: including file:      c:\program files (x86)\microsoft visual studio 10.0\vc\atlmfc\include\ocdb.h
         Note: including file:    c:\Program Files (x86)\Microsoft Visual Studio 10.0\VC\atlmfc\include\afxcom_.h
         Note: including file:    c:\Program Files (x86)\Microsoft Visual Studio 10.0\VC\atlmfc\include\afxpriv.h
         Note: including file:     c:\Program Files (x86)\Microsoft Visual Studio 10.0\VC\atlmfc\include\afxadv.h
         Note: including file:     c:\Program Files (x86)\Microsoft Visual Studio 10.0\VC\atlmfc\include\afxconv.h
         Note: including file:     c:\Program Files (x86)\Microsoft Visual Studio 10.0\VC\atlmfc\include\afxpriv2.h
         Note: including file:  c:\Program Files (x86)\Microsoft Visual Studio 10.0\VC\atlmfc\include\atlimage.h
         Note: including file:   C:\Program Files (x86)\Microsoft SDKs\Windows\v7.0A\include\gdiplus.h
         Note: including file:    C:\Program Files (x86)\Microsoft SDKs\Windows\v7.0A\include\pshpack8.h
         Note: including file:    c:\program files (x86)\microsoft sdks\windows\v7.0a\include\GdiplusMem.h
         Note: including file:    c:\program files (x86)\microsoft sdks\windows\v7.0a\include\GdiplusBase.h
         Note: including file:    c:\program files (x86)\microsoft sdks\windows\v7.0a\include\GdiplusEnums.h
         Note: including file:    c:\program files (x86)\microsoft sdks\windows\v7.0a\include\GdiplusTypes.h
         Note: including file:    c:\program files (x86)\microsoft sdks\windows\v7.0a\include\GdiplusInit.h
         Note: including file:    c:\program files (x86)\microsoft sdks\windows\v7.0a\include\GdiplusPixelFormats.h
         Note: including file:    c:\program files (x86)\microsoft sdks\windows\v7.0a\include\GdiplusColor.h
         Note: including file:    c:\program files (x86)\microsoft sdks\windows\v7.0a\include\GdiplusMetaHeader.h
         Note: including file:     C:\Program Files (x86)\Microsoft SDKs\Windows\v7.0A\include\pshpack2.h
         Note: including file:     C:\Program Files (x86)\Microsoft SDKs\Windows\v7.0A\include\poppack.h
         Note: including file:    c:\program files (x86)\microsoft sdks\windows\v7.0a\include\GdiplusImaging.h
         Note: including file:    c:\program files (x86)\microsoft sdks\windows\v7.0a\include\GdiplusColorMatrix.h
         Note: including file:    c:\program files (x86)\microsoft sdks\windows\v7.0a\include\GdiplusGpStubs.h
         Note: including file:    c:\program files (x86)\microsoft sdks\windows\v7.0a\include\GdiplusHeaders.h
         Note: including file:    c:\program files (x86)\microsoft sdks\windows\v7.0a\include\GdiplusFlat.h
         Note: including file:    c:\program files (x86)\microsoft sdks\windows\v7.0a\include\GdiplusImageAttributes.h
         Note: including file:    c:\program files (x86)\microsoft sdks\windows\v7.0a\include\GdiplusMatrix.h
         Note: including file:    c:\program files (x86)\microsoft sdks\windows\v7.0a\include\GdiplusBrush.h
         Note: including file:    c:\program files (x86)\microsoft sdks\windows\v7.0a\include\GdiplusPen.h
         Note: including file:    c:\program files (x86)\microsoft sdks\windows\v7.0a\include\GdiplusStringFormat.h
         Note: including file:    c:\program files (x86)\microsoft sdks\windows\v7.0a\include\GdiplusPath.h
         Note: including file:    c:\program files (x86)\microsoft sdks\windows\v7.0a\include\GdiplusLineCaps.h
         Note: including file:    c:\program files (x86)\microsoft sdks\windows\v7.0a\include\GdiplusGraphics.h
         Note: including file:    c:\program files (x86)\microsoft sdks\windows\v7.0a\include\GdiplusMetafile.h
         Note: including file:    c:\program files (x86)\microsoft sdks\windows\v7.0a\include\GdiplusCachedBitmap.h
         Note: including file:    c:\program files (x86)\microsoft sdks\windows\v7.0a\include\GdiplusRegion.h
         Note: including file:    c:\program files (x86)\microsoft sdks\windows\v7.0a\include\GdiplusFontCollection.h
         Note: including file:    c:\program files (x86)\microsoft sdks\windows\v7.0a\include\GdiplusFontFamily.h
         Note: including file:    c:\program files (x86)\microsoft sdks\windows\v7.0a\include\GdiplusFont.h
         Note: including file:    c:\program files (x86)\microsoft sdks\windows\v7.0a\include\GdiplusBitmap.h
         Note: including file:    c:\program files (x86)\microsoft sdks\windows\v7.0a\include\GdiplusImageCodec.h
         Note: including file:    C:\Program Files (x86)\Microsoft SDKs\Windows\v7.0A\include\poppack.h
         Note: including file:   C:\Program Files (x86)\Microsoft SDKs\Windows\v7.0A\include\shlwapi.h
         Note: including file:  c:\Program Files (x86)\Microsoft Visual Studio 10.0\VC\include\fstream
         Note: including file:   c:\Program Files (x86)\Microsoft Visual Studio 10.0\VC\include\istream
         Note: including file:    c:\Program Files (x86)\Microsoft Visual Studio 10.0\VC\include\ostream
         Note: including file:     c:\Program Files (x86)\Microsoft Visual Studio 10.0\VC\include\ios
         Note: including file:      c:\Program Files (x86)\Microsoft Visual Studio 10.0\VC\include\xlocnum
         Note: including file:       c:\Program Files (x86)\Microsoft Visual Studio 10.0\VC\include\climits
         Note: including file:        c:\Program Files (x86)\Microsoft Visual Studio 10.0\VC\include\yvals.h
         Note: including file:         c:\Program Files (x86)\Microsoft Visual Studio 10.0\VC\include\crtdefs.h
         Note: including file:         c:\Program Files (x86)\Microsoft Visual Studio 10.0\VC\include\use_ansi.h
         Note: including file:       c:\Program Files (x86)\Microsoft Visual Studio 10.0\VC\include\cmath
         Note: including file:        c:\Program Files (x86)\Microsoft Visual Studio 10.0\VC\include\math.h
         Note: including file:         c:\Program Files (x86)\Microsoft Visual Studio 10.0\VC\include\crtdefs.h
         Note: including file:       c:\Program Files (x86)\Microsoft Visual Studio 10.0\VC\include\cstdio
         Note: including file:       c:\Program Files (x86)\Microsoft Visual Studio 10.0\VC\include\cstdlib
         Note: including file:       c:\Program Files (x86)\Microsoft Visual Studio 10.0\VC\include\streambuf
         Note: including file:        c:\Program Files (x86)\Microsoft Visual Studio 10.0\VC\include\xiosbase
         Note: including file:         c:\Program Files (x86)\Microsoft Visual Studio 10.0\VC\include\xlocale
         Note: including file:          c:\Program Files (x86)\Microsoft Visual Studio 10.0\VC\include\cstring
         Note: including file:          c:\Program Files (x86)\Microsoft Visual Studio 10.0\VC\include\stdexcept
         Note: including file:           c:\Program Files (x86)\Microsoft Visual Studio 10.0\VC\include\exception
         Note: including file:            c:\Program Files (x86)\Microsoft Visual Studio 10.0\VC\include\xstddef
         Note: including file:             c:\Program Files (x86)\Microsoft Visual Studio 10.0\VC\include\cstddef
         Note: including file:            c:\Program Files (x86)\Microsoft Visual Studio 10.0\VC\include\eh.h
         Note: including file:             c:\Program Files (x86)\Microsoft Visual Studio 10.0\VC\include\crtdefs.h
         Note: including file:           c:\Program Files (x86)\Microsoft Visual Studio 10.0\VC\include\xstring
         Note: including file:            c:\Program Files (x86)\Microsoft Visual Studio 10.0\VC\include\xmemory
         Note: including file:             c:\Program Files (x86)\Microsoft Visual Studio 10.0\VC\include\new
         Note: including file:             c:\Program Files (x86)\Microsoft Visual Studio 10.0\VC\include\xutility
         Note: including file:              c:\Program Files (x86)\Microsoft Visual Studio 10.0\VC\include\utility
         Note: including file:               c:\Program Files (x86)\Microsoft Visual Studio 10.0\VC\include\iosfwd
         Note: including file:                c:\Program Files (x86)\Microsoft Visual Studio 10.0\VC\include\cwchar
         Note: including file:               c:\Program Files (x86)\Microsoft Visual Studio 10.0\VC\include\type_traits
         Note: including file:                c:\Program Files (x86)\Microsoft Visual Studio 10.0\VC\include\limits
         Note: including file:                 c:\Program Files (x86)\Microsoft Visual Studio 10.0\VC\include\ymath.h
         Note: including file:                 c:\Program Files (x86)\Microsoft Visual Studio 10.0\VC\include\cfloat
         Note: including file:                  c:\Program Files (x86)\Microsoft Visual Studio 10.0\VC\include\float.h
         Note: including file:                   c:\Program Files (x86)\Microsoft Visual Studio 10.0\VC\include\crtdefs.h
         Note: including file:                   c:\Program Files (x86)\Microsoft Visual Studio 10.0\VC\include\crtwrn.h
         Note: including file:                    c:\Program Files (x86)\Microsoft Visual Studio 10.0\VC\include\crtdefs.h
         Note: including file:                c:\Program Files (x86)\Microsoft Visual Studio 10.0\VC\include\xtr1common
         Note: including file:                c:\Program Files (x86)\Microsoft Visual Studio 10.0\VC\include\xfwrap
         Note: including file:                 c:\Program Files (x86)\Microsoft Visual Studio 10.0\VC\include\xfwrap1
         Note: including file:                  c:\Program Files (x86)\Microsoft Visual Studio 10.0\VC\include\xxtype_traits
         Note: including file:                 c:\Program Files (x86)\Microsoft Visual Studio 10.0\VC\include\xfwrap1
         Note: including file:                  c:\Program Files (x86)\Microsoft Visual Studio 10.0\VC\include\xxtype_traits
         Note: including file:                 c:\Program Files (x86)\Microsoft Visual Studio 10.0\VC\include\xfwrap1
         Note: including file:                  c:\Program Files (x86)\Microsoft Visual Studio 10.0\VC\include\xxtype_traits
         Note: including file:                 c:\Program Files (x86)\Microsoft Visual Studio 10.0\VC\include\xfwrap1
         Note: including file:                  c:\Program Files (x86)\Microsoft Visual Studio 10.0\VC\include\xxtype_traits
         Note: including file:                 c:\Program Files (x86)\Microsoft Visual Studio 10.0\VC\include\xfwrap1
         Note: including file:                  c:\Program Files (x86)\Microsoft Visual Studio 10.0\VC\include\xxtype_traits
         Note: including file:                 c:\Program Files (x86)\Microsoft Visual Studio 10.0\VC\include\xfwrap1
         Note: including file:                  c:\Program Files (x86)\Microsoft Visual Studio 10.0\VC\include\xxtype_traits
         Note: including file:                 c:\Program Files (x86)\Microsoft Visual Studio 10.0\VC\include\xfwrap1
         Note: including file:                  c:\Program Files (x86)\Microsoft Visual Studio 10.0\VC\include\xxtype_traits
         Note: including file:                 c:\Program Files (x86)\Microsoft Visual Studio 10.0\VC\include\xfwrap1
         Note: including file:                  c:\Program Files (x86)\Microsoft Visual Studio 10.0\VC\include\xxtype_traits
         Note: including file:                 c:\Program Files (x86)\Microsoft Visual Studio 10.0\VC\include\xfwrap1
         Note: including file:                  c:\Program Files (x86)\Microsoft Visual Studio 10.0\VC\include\xxtype_traits
         Note: including file:                 c:\Program Files (x86)\Microsoft Visual Studio 10.0\VC\include\xfwrap1
         Note: including file:                  c:\Program Files (x86)\Microsoft Visual Studio 10.0\VC\include\xxtype_traits
         Note: including file:                 c:\Program Files (x86)\Microsoft Visual Studio 10.0\VC\include\xfwrap1
         Note: including file:                  c:\Program Files (x86)\Microsoft Visual Studio 10.0\VC\include\xxtype_traits
         Note: including file:          c:\Program Files (x86)\Microsoft Visual Studio 10.0\VC\include\typeinfo
         Note: including file:          c:\Program Files (x86)\Microsoft Visual Studio 10.0\VC\include\xlocinfo
         Note: including file:           c:\Program Files (x86)\Microsoft Visual Studio 10.0\VC\include\xlocinfo.h
         Note: including file:            c:\Program Files (x86)\Microsoft Visual Studio 10.0\VC\include\locale.h
         Note: including file:             c:\Program Files (x86)\Microsoft Visual Studio 10.0\VC\include\crtdefs.h
         Note: including file:          c:\Program Files (x86)\Microsoft Visual Studio 10.0\VC\include\xdebug
         Note: including file:         c:\Program Files (x86)\Microsoft Visual Studio 10.0\VC\include\system_error
         Note: including file:          c:\Program Files (x86)\Microsoft Visual Studio 10.0\VC\include\cerrno
         Note: including file:         c:\Program Files (x86)\Microsoft Visual Studio 10.0\VC\include\share.h
         Note: including file:  c:\Program Files (x86)\Microsoft Visual Studio 10.0\VC\include\string
         Note: including file:  c:\Program Files (x86)\Microsoft Visual Studio 10.0\VC\include\msclr/marshal.h
         Note: including file:   c:\Program Files (x86)\Microsoft Visual Studio 10.0\VC\include\memory
         Note: including file:    c:\Program Files (x86)\Microsoft Visual Studio 10.0\VC\include\intrin.h
         Note: including file:     c:\Program Files (x86)\Microsoft Visual Studio 10.0\VC\include\crtdefs.h
         Note: including file:     c:\Program Files (x86)\Microsoft Visual Studio 10.0\VC\include\setjmp.h
         Note: including file:      c:\Program Files (x86)\Microsoft Visual Studio 10.0\VC\include\crtdefs.h
         Note: including file:      c:\Program Files (x86)\Microsoft Visual Studio 10.0\VC\include\setjmpex.h
         Note: including file:     c:\Program Files (x86)\Microsoft Visual Studio 10.0\VC\include\immintrin.h
         Note: including file:      c:\Program Files (x86)\Microsoft Visual Studio 10.0\VC\include\wmmintrin.h
         Note: including file:       c:\Program Files (x86)\Microsoft Visual Studio 10.0\VC\include\nmmintrin.h
         Note: including file:        c:\Program Files (x86)\Microsoft Visual Studio 10.0\VC\include\smmintrin.h
         Note: including file:         c:\Program Files (x86)\Microsoft Visual Studio 10.0\VC\include\tmmintrin.h
         Note: including file:          c:\Program Files (x86)\Microsoft Visual Studio 10.0\VC\include\pmmintrin.h
         Note: including file:           c:\Program Files (x86)\Microsoft Visual Studio 10.0\VC\include\emmintrin.h
         Note: including file:            c:\Program Files (x86)\Microsoft Visual Studio 10.0\VC\include\xmmintrin.h
         Note: including file:             c:\Program Files (x86)\Microsoft Visual Studio 10.0\VC\include\mmintrin.h
         Note: including file:              c:\Program Files (x86)\Microsoft Visual Studio 10.0\VC\include\crtdefs.h
         Note: including file:     c:\Program Files (x86)\Microsoft Visual Studio 10.0\VC\include\ammintrin.h
         Note: including file:     c:\Program Files (x86)\Microsoft Visual Studio 10.0\VC\include\mm3dnow.h
         Note: including file:      c:\Program Files (x86)\Microsoft Visual Studio 10.0\VC\include\crtdefs.h
         Note: including file:      c:\Program Files (x86)\Microsoft Visual Studio 10.0\VC\include\mmintrin.h
         Note: including file:    c:\Program Files (x86)\Microsoft Visual Studio 10.0\VC\include\xfwrap
         Note: including file:     c:\Program Files (x86)\Microsoft Visual Studio 10.0\VC\include\xfwrap1
         Note: including file:      c:\Program Files (x86)\Microsoft Visual Studio 10.0\VC\include\xxshared
         Note: including file:     c:\Program Files (x86)\Microsoft Visual Studio 10.0\VC\include\xfwrap1
         Note: including file:      c:\Program Files (x86)\Microsoft Visual Studio 10.0\VC\include\xxshared
         Note: including file:     c:\Program Files (x86)\Microsoft Visual Studio 10.0\VC\include\xfwrap1
         Note: including file:      c:\Program Files (x86)\Microsoft Visual Studio 10.0\VC\include\xxshared
         Note: including file:     c:\Program Files (x86)\Microsoft Visual Studio 10.0\VC\include\xfwrap1
         Note: including file:      c:\Program Files (x86)\Microsoft Visual Studio 10.0\VC\include\xxshared
         Note: including file:     c:\Program Files (x86)\Microsoft Visual Studio 10.0\VC\include\xfwrap1
         Note: including file:      c:\Program Files (x86)\Microsoft Visual Studio 10.0\VC\include\xxshared
         Note: including file:     c:\Program Files (x86)\Microsoft Visual Studio 10.0\VC\include\xfwrap1
         Note: including file:      c:\Program Files (x86)\Microsoft Visual Studio 10.0\VC\include\xxshared
         Note: including file:     c:\Program Files (x86)\Microsoft Visual Studio 10.0\VC\include\xfwrap1
         Note: including file:      c:\Program Files (x86)\Microsoft Visual Studio 10.0\VC\include\xxshared
         Note: including file:     c:\Program Files (x86)\Microsoft Visual Studio 10.0\VC\include\xfwrap1
         Note: including file:      c:\Program Files (x86)\Microsoft Visual Studio 10.0\VC\include\xxshared
         Note: including file:     c:\Program Files (x86)\Microsoft Visual Studio 10.0\VC\include\xfwrap1
         Note: including file:      c:\Program Files (x86)\Microsoft Visual Studio 10.0\VC\include\xxshared
         Note: including file:     c:\Program Files (x86)\Microsoft Visual Studio 10.0\VC\include\xfwrap1
         Note: including file:      c:\Program Files (x86)\Microsoft Visual Studio 10.0\VC\include\xxshared
         Note: including file:     c:\Program Files (x86)\Microsoft Visual Studio 10.0\VC\include\xfwrap1
         Note: including file:      c:\Program Files (x86)\Microsoft Visual Studio 10.0\VC\include\xxshared
         Note: including file:    c:\Program Files (x86)\Microsoft Visual Studio 10.0\VC\include\xfwrap
         Note: including file:     c:\Program Files (x86)\Microsoft Visual Studio 10.0\VC\include\xfwrap1
         Note: including file:      c:\Program Files (x86)\Microsoft Visual Studio 10.0\VC\include\xxshared
         Note: including file:     c:\Program Files (x86)\Microsoft Visual Studio 10.0\VC\include\xfwrap1
         Note: including file:      c:\Program Files (x86)\Microsoft Visual Studio 10.0\VC\include\xxshared
         Note: including file:     c:\Program Files (x86)\Microsoft Visual Studio 10.0\VC\include\xfwrap1
         Note: including file:      c:\Program Files (x86)\Microsoft Visual Studio 10.0\VC\include\xxshared
         Note: including file:     c:\Program Files (x86)\Microsoft Visual Studio 10.0\VC\include\xfwrap1
         Note: including file:      c:\Program Files (x86)\Microsoft Visual Studio 10.0\VC\include\xxshared
         Note: including file:     c:\Program Files (x86)\Microsoft Visual Studio 10.0\VC\include\xfwrap1
         Note: including file:      c:\Program Files (x86)\Microsoft Visual Studio 10.0\VC\include\xxshared
         Note: including file:     c:\Program Files (x86)\Microsoft Visual Studio 10.0\VC\include\xfwrap1
         Note: including file:      c:\Program Files (x86)\Microsoft Visual Studio 10.0\VC\include\xxshared
         Note: including file:     c:\Program Files (x86)\Microsoft Visual Studio 10.0\VC\include\xfwrap1
         Note: including file:      c:\Program Files (x86)\Microsoft Visual Studio 10.0\VC\include\xxshared
         Note: including file:     c:\Program Files (x86)\Microsoft Visual Studio 10.0\VC\include\xfwrap1
         Note: including file:      c:\Program Files (x86)\Microsoft Visual Studio 10.0\VC\include\xxshared
         Note: including file:     c:\Program Files (x86)\Microsoft Visual Studio 10.0\VC\include\xfwrap1
         Note: including file:      c:\Program Files (x86)\Microsoft Visual Studio 10.0\VC\include\xxshared
         Note: including file:     c:\Program Files (x86)\Microsoft Visual Studio 10.0\VC\include\xfwrap1
         Note: including file:      c:\Program Files (x86)\Microsoft Visual Studio 10.0\VC\include\xxshared
         Note: including file:     c:\Program Files (x86)\Microsoft Visual Studio 10.0\VC\include\xfwrap1
         Note: including file:      c:\Program Files (x86)\Microsoft Visual Studio 10.0\VC\include\xxshared
         Note: including file:    c:\Program Files (x86)\Microsoft Visual Studio 10.0\VC\include\xfwrap
         Note: including file:     c:\Program Files (x86)\Microsoft Visual Studio 10.0\VC\include\xfwrap1
         Note: including file:      c:\Program Files (x86)\Microsoft Visual Studio 10.0\VC\include\xxshared
         Note: including file:     c:\Program Files (x86)\Microsoft Visual Studio 10.0\VC\include\xfwrap1
         Note: including file:      c:\Program Files (x86)\Microsoft Visual Studio 10.0\VC\include\xxshared
         Note: including file:     c:\Program Files (x86)\Microsoft Visual Studio 10.0\VC\include\xfwrap1
         Note: including file:      c:\Program Files (x86)\Microsoft Visual Studio 10.0\VC\include\xxshared
         Note: including file:     c:\Program Files (x86)\Microsoft Visual Studio 10.0\VC\include\xfwrap1
         Note: including file:      c:\Program Files (x86)\Microsoft Visual Studio 10.0\VC\include\xxshared
         Note: including file:     c:\Program Files (x86)\Microsoft Visual Studio 10.0\VC\include\xfwrap1
         Note: including file:      c:\Program Files (x86)\Microsoft Visual Studio 10.0\VC\include\xxshared
         Note: including file:     c:\Program Files (x86)\Microsoft Visual Studio 10.0\VC\include\xfwrap1
         Note: including file:      c:\Program Files (x86)\Microsoft Visual Studio 10.0\VC\include\xxshared
         Note: including file:     c:\Program Files (x86)\Microsoft Visual Studio 10.0\VC\include\xfwrap1
         Note: including file:      c:\Program Files (x86)\Microsoft Visual Studio 10.0\VC\include\xxshared
         Note: including file:     c:\Program Files (x86)\Microsoft Visual Studio 10.0\VC\include\xfwrap1
         Note: including file:      c:\Program Files (x86)\Microsoft Visual Studio 10.0\VC\include\xxshared
         Note: including file:     c:\Program Files (x86)\Microsoft Visual Studio 10.0\VC\include\xfwrap1
         Note: including file:      c:\Program Files (x86)\Microsoft Visual Studio 10.0\VC\include\xxshared
         Note: including file:     c:\Program Files (x86)\Microsoft Visual Studio 10.0\VC\include\xfwrap1
         Note: including file:      c:\Program Files (x86)\Microsoft Visual Studio 10.0\VC\include\xxshared
         Note: including file:     c:\Program Files (x86)\Microsoft Visual Studio 10.0\VC\include\xfwrap1
         Note: including file:      c:\Program Files (x86)\Microsoft Visual Studio 10.0\VC\include\xxshared
         Note: including file:  c:\Program Files (x86)\Microsoft Visual Studio 10.0\VC\include\sstream
         Note: including file:  c:\users\keitaro\desktop\psp\printscreenplz\screenshotplz\AboutForm.h
     1>c:\users\keitaro\desktop\psp\printscreenplz\screenshotplz\PSPForm.h(619): warning C4996: '_swprintf': This function or variable may be unsafe. Consider using _swprintf_s instead. To disable deprecation, use _CRT_SECURE_NO_WARNINGS. See online help for details.
                 c:\Program Files (x86)\Microsoft Visual Studio 10.0\VC\include\wchar.h(761) : see declaration of '_swprintf'
     1>c:\users\keitaro\desktop\psp\printscreenplz\screenshotplz\PSPForm.h(622): warning C4996: '_swprintf': This function or variable may be unsafe. Consider using _swprintf_s instead. To disable deprecation, use _CRT_SECURE_NO_WARNINGS. See online help for details.
                 c:\Program Files (x86)\Microsoft Visual Studio 10.0\VC\include\wchar.h(761) : see declaration of '_swprintf'
     1>c:\users\keitaro\desktop\psp\printscreenplz\screenshotplz\PSPForm.h(625): warning C4996: '_swprintf': This function or variable may be unsafe. Consider using _swprintf_s instead. To disable deprecation, use _CRT_SECURE_NO_WARNINGS. See online help for details.
                 c:\Program Files (x86)\Microsoft Visual Studio 10.0\VC\include\wchar.h(761) : see declaration of '_swprintf'
         All outputs are up-to-date.
       CoreResGen:
         No resources are out of date with respect to their source files. Skipping resource generation.
       ResourceCompile:
         All outputs are up-to-date.
       Link:
         c:\Program Files (x86)\Microsoft Visual Studio 10.0\VC\bin\link.exe /ERRORREPORT:PROMPT /OUT:"C:\Users\Keitaro\Desktop\PSP\PrintScreenPlz\Debug\PrintScreenPlz.exe" /INCREMENTAL /NOLOGO gdiplus.lib /ASSEMBLYRESOURCE:Debug\PrintScreenPlz.AboutForm.resources /ASSEMBLYRESOURCE:Debug\PrintScreenPlz.PSPForm.resources /INCLUDE:"__DllMainCRTStartup@12" /MANIFEST /ManifestFile:"Debug\PrintScreenPlz.exe.intermediate.manifest" /MANIFESTUAC:"level='asInvoker' uiAccess='false'" /DEBUG /PDB:"C:\Users\Keitaro\Desktop\PSP\PrintScreenPlz\Debug\PrintScreenPlz.pdb" /ASSEMBLYDEBUG /SUBSYSTEM:WINDOWS /TLBID:1 /ENTRY:"Main" /DYNAMICBASE /FIXED:NO /NXCOMPAT /MACHINE:X86 Debug\PrintScreenPlz.res
         Debug\AboutForm.obj
         Debug\PSPForm.obj
         "Debug\.NETFramework,Version=v4.0.AssemblyAttributes.obj"
         ScreenshotPlz.vcxproj -> C:\Users\Keitaro\Desktop\PSP\PrintScreenPlz\Debug\PrintScreenPlz.exe
       Manifest:
         C:\Program Files (x86)\Microsoft SDKs\Windows\v7.0A\bin\mt.exe /nologo /verbose /outputresource:"C:\Users\Keitaro\Desktop\PSP\PrintScreenPlz\Debug\PrintScreenPlz.exe;#1" /manifest Debug\PrintScreenPlz.exe.intermediate.manifest "c:\Program Files (x86)\Microsoft Visual Studio 10.0\VC\Include\Manifest\dpiaware.manifest"
       FinalizeBuildStatus:
         Deleting file "Debug\PrintScreenPlz.unsuccessfulbuild".
         Touching "Debug\PrintScreenPlz.lastbuildstate".
     1>Done Building Project "C:\Users\Keitaro\Desktop\PSP\PrintScreenPlz\ScreenshotPlz\ScreenshotPlz.vcxproj" (build target(s)).

Build succeeded.

Time Elapsed 00:00:05.46
